<?xml version="1.0" encoding="UTF-8"?>
<!-- Generated by org.testng.reporters.JUnitReportReporter -->
<testsuite hostname="DESKTOP-L37L1I5" failures="0" tests="1" name="restassured.Get" time="6.261" errors="0" timestamp="2020-11-27T14:32:49 IST" skipped="0">
  <testcase classname="restassured.Get" name="get" time="6.261"/>
  <system-out/>
</testsuite> <!-- restassured.Get -->
