<?xml version="1.0" encoding="UTF-8"?>
<!-- Generated by org.testng.reporters.JUnitReportReporter -->
<testsuite hostname="DESKTOP-L37L1I5" failures="0" tests="1" name="restassured.login_successfull" time="15.045" errors="0" timestamp="2020-11-11T17:52:18 IST" skipped="0">
  <testcase classname="restassured.login_successfull" name="m" time="15.045"/>
  <system-out/>
</testsuite> <!-- restassured.login_successfull -->
