<?xml version="1.0" encoding="UTF-8"?>
<!-- Generated by org.testng.reporters.JUnitReportReporter -->
<testsuite hostname="DESKTOP-L37L1I5" failures="0" tests="1" name="restassured.post_request$Get" time="8.320" errors="0" timestamp="2020-11-28T12:30:07 IST" skipped="0">
  <testcase classname="restassured.post_request$Get" name="m" time="8.320"/>
  <system-out/>
</testsuite> <!-- restassured.post_request$Get -->
