<?xml version="1.0" encoding="UTF-8"?>
<!-- Generated by org.testng.reporters.JUnitReportReporter -->
<testsuite hostname="DESKTOP-L37L1I5" failures="0" tests="1" name="restassured.list" time="5.660" errors="0" timestamp="2020-11-11T12:02:35 IST" skipped="0">
  <testcase classname="restassured.list" name="m" time="5.660"/>
  <system-out/>
</testsuite> <!-- restassured.list -->
